<?xml version="1.0" encoding="UTF-8"?>
<coverage generated="1748342594286" clover="3.2.0">
  <project timestamp="1748342594286" name="All files">
    <metrics statements="23" coveredstatements="23" conditionals="6" coveredconditionals="6" methods="3" coveredmethods="3" elements="32" coveredelements="32" complexity="0" loc="23" ncloc="23" packages="1" files="1" classes="1"/>
    <file name="ProtectedRoute.jsx" path="/Users/ashutoshkumar/MyWork/PROJECTS/labBuddy/labbuddy-frontend/src/components/ProtectedRoute.jsx">
      <metrics statements="23" coveredstatements="23" conditionals="6" coveredconditionals="6" methods="3" coveredmethods="3"/>
      <line num="6" count="1" type="stmt"/>
      <line num="7" count="6" type="stmt"/>
      <line num="8" count="6" type="stmt"/>
      <line num="9" count="6" type="stmt"/>
      <line num="11" count="6" type="stmt"/>
      <line num="12" count="3" type="stmt"/>
      <line num="14" count="3" type="cond" truecount="2" falsecount="0"/>
      <line num="15" count="1" type="stmt"/>
      <line num="16" count="1" type="stmt"/>
      <line num="17" count="1" type="stmt"/>
      <line num="20" count="2" type="stmt"/>
      <line num="22" count="2" type="stmt"/>
      <line num="23" count="1" type="stmt"/>
      <line num="25" count="1" type="stmt"/>
      <line num="27" count="1" type="stmt"/>
      <line num="29" count="2" type="stmt"/>
      <line num="33" count="3" type="stmt"/>
      <line num="36" count="6" type="cond" truecount="2" falsecount="0"/>
      <line num="38" count="3" type="stmt"/>
      <line num="45" count="3" type="cond" truecount="2" falsecount="0"/>
      <line num="46" count="2" type="stmt"/>
      <line num="49" count="1" type="stmt"/>
      <line num="52" count="1" type="stmt"/>
    </file>
  </project>
</coverage>
