{
  "/Users/ashutoshkumar/MyWork/PROJECTS/labBuddy/labbuddy-frontend/src/components/ProtectedRoute.jsx": {
    "path": "/Users/ashutoshkumar/MyWork/PROJECTS/labBuddy/labbuddy-frontend/src/components/ProtectedRoute.jsx",
    "statementMap": {
      "0": {
        "start": { "line": 6, "column": 23 },
        "end": { "line": 50, "column": 1 }
      },
      "1": {
        "start": { "line": 7, "column": 36 },
        "end": { "line": 7, "column": 50 }
      },
      "2": {
        "start": { "line": 8, "column": 48 },
        "end": { "line": 8, "column": 63 }
      },
      "3": {
        "start": { "line": 9, "column": 16 },
        "end": { "line": 9, "column": 45 }
      },
      "4": {
        "start": { "line": 11, "column": 2 },
        "end": { "line": 34, "column": 14 }
      },
      "5": {
        "start": { "line": 12, "column": 24 },
        "end": { "line": 31, "column": 5 }
      },
      "6": {
        "start": { "line": 14, "column": 6 },
        "end": { "line": 18, "column": 7 }
      },
      "7": {
        "start": { "line": 15, "column": 8 },
        "end": { "line": 15, "column": 34 }
      },
      "8": {
        "start": { "line": 16, "column": 8 },
        "end": { "line": 16, "column": 28 }
      },
      "9": {
        "start": { "line": 17, "column": 8 },
        "end": { "line": 17, "column": 15 }
      },
      "10": {
        "start": { "line": 20, "column": 6 },
        "end": { "line": 30, "column": 7 }
      },
      "11": {
        "start": { "line": 22, "column": 8 },
        "end": { "line": 22, "column": 41 }
      },
      "12": {
        "start": { "line": 23, "column": 8 },
        "end": { "line": 23, "column": 33 }
      },
      "13": {
        "start": { "line": 25, "column": 8 },
        "end": { "line": 25, "column": 54 }
      },
      "14": {
        "start": { "line": 27, "column": 8 },
        "end": { "line": 27, "column": 34 }
      },
      "15": {
        "start": { "line": 29, "column": 8 },
        "end": { "line": 29, "column": 28 }
      },
      "16": {
        "start": { "line": 33, "column": 4 },
        "end": { "line": 33, "column": 18 }
      },
      "17": {
        "start": { "line": 36, "column": 2 },
        "end": { "line": 43, "column": 3 }
      },
      "18": {
        "start": { "line": 38, "column": 4 },
        "end": { "line": 42, "column": 6 }
      },
      "19": {
        "start": { "line": 45, "column": 2 },
        "end": { "line": 47, "column": 3 }
      },
      "20": {
        "start": { "line": 46, "column": 4 },
        "end": { "line": 46, "column": 31 }
      },
      "21": {
        "start": { "line": 49, "column": 2 },
        "end": { "line": 49, "column": 18 }
      },
      "22": {
        "start": { "line": 52, "column": 0 },
        "end": { "line": 54, "column": 2 }
      }
    },
    "fnMap": {
      "0": {
        "name": "(anonymous_0)",
        "decl": {
          "start": { "line": 6, "column": 23 },
          "end": { "line": 6, "column": 24 }
        },
        "loc": {
          "start": { "line": 6, "column": 41 },
          "end": { "line": 50, "column": 1 }
        },
        "line": 6
      },
      "1": {
        "name": "(anonymous_1)",
        "decl": {
          "start": { "line": 11, "column": 12 },
          "end": { "line": 11, "column": 13 }
        },
        "loc": {
          "start": { "line": 11, "column": 18 },
          "end": { "line": 34, "column": 3 }
        },
        "line": 11
      },
      "2": {
        "name": "(anonymous_2)",
        "decl": {
          "start": { "line": 12, "column": 24 },
          "end": { "line": 12, "column": 25 }
        },
        "loc": {
          "start": { "line": 12, "column": 36 },
          "end": { "line": 31, "column": 5 }
        },
        "line": 12
      }
    },
    "branchMap": {
      "0": {
        "loc": {
          "start": { "line": 14, "column": 6 },
          "end": { "line": 18, "column": 7 }
        },
        "type": "if",
        "locations": [
          {
            "start": { "line": 14, "column": 6 },
            "end": { "line": 18, "column": 7 }
          },
          { "start": {}, "end": {} }
        ],
        "line": 14
      },
      "1": {
        "loc": {
          "start": { "line": 36, "column": 2 },
          "end": { "line": 43, "column": 3 }
        },
        "type": "if",
        "locations": [
          {
            "start": { "line": 36, "column": 2 },
            "end": { "line": 43, "column": 3 }
          },
          { "start": {}, "end": {} }
        ],
        "line": 36
      },
      "2": {
        "loc": {
          "start": { "line": 45, "column": 2 },
          "end": { "line": 47, "column": 3 }
        },
        "type": "if",
        "locations": [
          {
            "start": { "line": 45, "column": 2 },
            "end": { "line": 47, "column": 3 }
          },
          { "start": {}, "end": {} }
        ],
        "line": 45
      }
    },
    "s": {
      "0": 1,
      "1": 6,
      "2": 6,
      "3": 6,
      "4": 6,
      "5": 3,
      "6": 3,
      "7": 1,
      "8": 1,
      "9": 1,
      "10": 2,
      "11": 2,
      "12": 1,
      "13": 1,
      "14": 1,
      "15": 2,
      "16": 3,
      "17": 6,
      "18": 3,
      "19": 3,
      "20": 2,
      "21": 1,
      "22": 1
    },
    "f": { "0": 6, "1": 3, "2": 3 },
    "b": { "0": [1, 2], "1": [3, 3], "2": [2, 1] },
    "_coverageSchema": "1a1c01bbd47fc00a2c39e90264f33305004495a9",
    "hash": "5b45611081139aea5ab9b06f0af8c6ecc6a55548"
  }
}
